[2024-11-14T03:57:31.502+0000] {local_task_job_runner.py:120} INFO - ::group::Pre task execution logs
[2024-11-14T03:57:31.532+0000] {taskinstance.py:2076} INFO - Dependencies all met for dep_context=non-requeueable deps ti=<TaskInstance: BuildELT_dbt.dbt_run manual__2024-11-14T03:57:28.892765+00:00 [queued]>
[2024-11-14T03:57:31.546+0000] {taskinstance.py:2076} INFO - Dependencies all met for dep_context=requeueable deps ti=<TaskInstance: BuildELT_dbt.dbt_run manual__2024-11-14T03:57:28.892765+00:00 [queued]>
[2024-11-14T03:57:31.550+0000] {taskinstance.py:2306} INFO - Starting attempt 1 of 1
[2024-11-14T03:57:31.574+0000] {taskinstance.py:2330} INFO - Executing <Task(BashOperator): dbt_run> on 2024-11-14 03:57:28.892765+00:00
[2024-11-14T03:57:31.592+0000] {warnings.py:110} WARNING - /home/***/.local/lib/python3.12/site-packages/***/task/task_runner/standard_task_runner.py:61: DeprecationWarning: This process (pid=3789) is multi-threaded, use of fork() may lead to deadlocks in the child.
  pid = os.fork()

[2024-11-14T03:57:31.603+0000] {standard_task_runner.py:63} INFO - Started process 3791 to run task
[2024-11-14T03:57:31.617+0000] {standard_task_runner.py:90} INFO - Running: ['***', 'tasks', 'run', 'BuildELT_dbt', 'dbt_run', 'manual__2024-11-14T03:57:28.892765+00:00', '--job-id', '194', '--raw', '--subdir', 'DAGS_FOLDER/build_elt_with_dbt.py', '--cfg-path', '/tmp/tmpbr60o6zy']
[2024-11-14T03:57:31.636+0000] {standard_task_runner.py:91} INFO - Job 194: Subtask dbt_run
[2024-11-14T03:57:31.818+0000] {task_command.py:426} INFO - Running <TaskInstance: BuildELT_dbt.dbt_run manual__2024-11-14T03:57:28.892765+00:00 [running]> on host 3627cdc70e56
[2024-11-14T03:57:32.003+0000] {taskinstance.py:2648} INFO - Exporting env vars: AIRFLOW_CTX_DAG_OWNER='***' AIRFLOW_CTX_DAG_ID='BuildELT_dbt' AIRFLOW_CTX_TASK_ID='dbt_run' AIRFLOW_CTX_EXECUTION_DATE='2024-11-14T03:57:28.892765+00:00' AIRFLOW_CTX_TRY_NUMBER='1' AIRFLOW_CTX_DAG_RUN_ID='manual__2024-11-14T03:57:28.892765+00:00'
[2024-11-14T03:57:32.011+0000] {taskinstance.py:430} INFO - ::endgroup::
[2024-11-14T03:57:32.014+0000] {subprocess.py:63} INFO - Tmp dir root location: /tmp
[2024-11-14T03:57:32.018+0000] {subprocess.py:75} INFO - Running command: ['/usr/bin/bash', '-c', '/home/***/.local/bin/dbt run --profiles-dir /opt/***/build_dbt --project-dir /opt/***/build_dbt']
[2024-11-14T03:57:32.059+0000] {subprocess.py:86} INFO - Output:
[2024-11-14T03:57:34.314+0000] {subprocess.py:93} INFO - [0m03:57:34  Running with dbt=1.8.7
[2024-11-14T03:57:35.476+0000] {subprocess.py:93} INFO - [0m03:57:35  Registered adapter: snowflake=1.8.4
[2024-11-14T03:57:35.950+0000] {subprocess.py:93} INFO - [0m03:57:35  [[33mWARNING[0m]: Configuration paths exist in your dbt_project.yml file which do not apply to any resources.
[2024-11-14T03:57:35.974+0000] {subprocess.py:93} INFO - There are 1 unused configuration paths:
[2024-11-14T03:57:35.979+0000] {subprocess.py:93} INFO - - models.build_dbt.example
[2024-11-14T03:57:36.274+0000] {subprocess.py:93} INFO - [0m03:57:36  Found 4 models, 2 sources, 459 macros
[2024-11-14T03:57:36.284+0000] {subprocess.py:93} INFO - [0m03:57:36
[2024-11-14T03:57:39.905+0000] {subprocess.py:93} INFO - [0m03:57:39  Concurrency: 1 threads (target='dev')
[2024-11-14T03:57:39.915+0000] {subprocess.py:93} INFO - [0m03:57:39
[2024-11-14T03:57:39.936+0000] {subprocess.py:93} INFO - [0m03:57:39  1 of 4 START sql table model analytics.moving_average .......................... [RUN]
[2024-11-14T03:57:43.399+0000] {subprocess.py:93} INFO - [0m03:57:43  1 of 4 OK created sql table model analytics.moving_average ..................... [[32mSUCCESS 1[0m in 3.45s]
[2024-11-14T03:57:43.406+0000] {subprocess.py:93} INFO - [0m03:57:43  2 of 4 START sql view model analytics.raw_stock_data ........................... [RUN]
[2024-11-14T03:57:45.094+0000] {subprocess.py:93} INFO - [0m03:57:45  2 of 4 OK created sql view model analytics.raw_stock_data ...................... [[32mSUCCESS 1[0m in 1.68s]
[2024-11-14T03:57:45.101+0000] {subprocess.py:93} INFO - [0m03:57:45  3 of 4 START sql view model analytics.rsi ...................................... [RUN]
[2024-11-14T03:57:46.637+0000] {subprocess.py:93} INFO - [0m03:57:46  3 of 4 ERROR creating sql view model analytics.rsi ............................. [[31mERROR[0m in 1.53s]
[2024-11-14T03:57:46.653+0000] {subprocess.py:93} INFO - [0m03:57:46  4 of 4 SKIP relation analytics.stock_analytics ................................. [[33mSKIP[0m]
[2024-11-14T03:57:46.665+0000] {subprocess.py:93} INFO - [0m03:57:46
[2024-11-14T03:57:46.667+0000] {subprocess.py:93} INFO - [0m03:57:46  Finished running 2 table models, 2 view models in 0 hours 0 minutes and 10.38 seconds (10.38s).
[2024-11-14T03:57:46.765+0000] {subprocess.py:93} INFO - [0m03:57:46
[2024-11-14T03:57:46.767+0000] {subprocess.py:93} INFO - [0m03:57:46  [31mCompleted with 1 error and 0 warnings:[0m
[2024-11-14T03:57:46.768+0000] {subprocess.py:93} INFO - [0m03:57:46
[2024-11-14T03:57:46.770+0000] {subprocess.py:93} INFO - [0m03:57:46    Database Error in model rsi (models/output/rsi.sql)
[2024-11-14T03:57:46.771+0000] {subprocess.py:93} INFO -   001003 (42000): SQL compilation error:
[2024-11-14T03:57:46.771+0000] {subprocess.py:93} INFO -   syntax error line 53 at position 21 unexpected ';'.
[2024-11-14T03:57:46.772+0000] {subprocess.py:93} INFO -   compiled code at target/run/build_dbt/models/output/rsi.sql
[2024-11-14T03:57:46.773+0000] {subprocess.py:93} INFO - [0m03:57:46
[2024-11-14T03:57:46.774+0000] {subprocess.py:93} INFO - [0m03:57:46  Done. PASS=2 WARN=0 ERROR=1 SKIP=1 TOTAL=4
[2024-11-14T03:57:47.783+0000] {subprocess.py:97} INFO - Command exited with return code 1
[2024-11-14T03:57:47.791+0000] {taskinstance.py:441} INFO - ::group::Post task execution logs
[2024-11-14T03:57:47.892+0000] {taskinstance.py:2905} ERROR - Task failed with exception
Traceback (most recent call last):
  File "/home/airflow/.local/lib/python3.12/site-packages/airflow/models/taskinstance.py", line 465, in _execute_task
    result = _execute_callable(context=context, **execute_callable_kwargs)
             ^^^^^^^^^^^^^^^^^^^^^^^^^^^^^^^^^^^^^^^^^^^^^^^^^^^^^^^^^^^^^
  File "/home/airflow/.local/lib/python3.12/site-packages/airflow/models/taskinstance.py", line 432, in _execute_callable
    return execute_callable(context=context, **execute_callable_kwargs)
           ^^^^^^^^^^^^^^^^^^^^^^^^^^^^^^^^^^^^^^^^^^^^^^^^^^^^^^^^^^^^
  File "/home/airflow/.local/lib/python3.12/site-packages/airflow/models/baseoperator.py", line 400, in wrapper
    return func(self, *args, **kwargs)
           ^^^^^^^^^^^^^^^^^^^^^^^^^^^
  File "/home/airflow/.local/lib/python3.12/site-packages/airflow/operators/bash.py", line 243, in execute
    raise AirflowException(
airflow.exceptions.AirflowException: Bash command failed. The command returned a non-zero exit code 1.
[2024-11-14T03:57:47.968+0000] {taskinstance.py:1206} INFO - Marking task as FAILED. dag_id=BuildELT_dbt, task_id=dbt_run, run_id=manual__2024-11-14T03:57:28.892765+00:00, execution_date=20241114T035728, start_date=20241114T035731, end_date=20241114T035747
[2024-11-14T03:57:48.069+0000] {standard_task_runner.py:110} ERROR - Failed to execute job 194 for task dbt_run (Bash command failed. The command returned a non-zero exit code 1.; 3791)
[2024-11-14T03:57:48.293+0000] {local_task_job_runner.py:240} INFO - Task exited with return code 1
[2024-11-14T03:57:48.478+0000] {taskinstance.py:3498} INFO - 0 downstream tasks scheduled from follow-on schedule check
[2024-11-14T03:57:48.509+0000] {local_task_job_runner.py:222} INFO - ::endgroup::
